<?xml version="1.0" encoding="UTF-8"?>
<testng-results skipped="0" failed="0" ignored="0" total="1" passed="1">
  <reporter-output>
  </reporter-output>
  <suite name="Suite" duration-ms="26856" started-at="2021-12-05T14:07:49 IST" finished-at="2021-12-05T14:08:16 IST">
    <groups>
    </groups>
    <test name="Test" duration-ms="26856" started-at="2021-12-05T14:07:49 IST" finished-at="2021-12-05T14:08:16 IST">
      <class name="com.qa.tests.WeatherShopperTest">
        <test-method status="PASS" signature="setup([Ljava.lang.Object;)[pri:0, instance:com.qa.tests.WeatherShopperTest@184f6be2]" name="setup" is-config="true" duration-ms="7585" started-at="2021-12-05T14:07:49 IST" finished-at="2021-12-05T14:07:56 IST">
          <params>
            <param index="0">
              <value>
                <![CDATA[[Ljava.lang.Object;@25bbf683]]>
              </value>
            </param>
          </params>
          <reporter-output>
          </reporter-output>
        </test-method> <!-- setup -->
        <test-method status="PASS" signature="weatherShopping1(java.lang.String)[pri:0, instance:com.qa.tests.WeatherShopperTest@184f6be2]" name="weatherShopping1" duration-ms="15154" started-at="2021-12-05T14:07:56 IST" description="Validate user is able to do end to end shopping flow either for moisturizers or sunscreens based on the current temperature" finished-at="2021-12-05T14:08:12 IST">
          <params>
            <param index="0">
              <value>
                <![CDATA[edge]]>
              </value>
            </param>
          </params>
          <reporter-output>
          </reporter-output>
        </test-method> <!-- weatherShopping1 -->
        <test-method status="PASS" signature="teardown()[pri:0, instance:com.qa.tests.WeatherShopperTest@184f6be2]" name="teardown" is-config="true" duration-ms="4039" started-at="2021-12-05T14:08:12 IST" finished-at="2021-12-05T14:08:16 IST">
          <reporter-output>
          </reporter-output>
        </test-method> <!-- teardown -->
      </class> <!-- com.qa.tests.WeatherShopperTest -->
    </test> <!-- Test -->
  </suite> <!-- Suite -->
</testng-results>
