<?xml version="1.0" encoding="UTF-8"?>
<testng-results skipped="0" failed="0" ignored="0" total="1" passed="1">
  <reporter-output>
  </reporter-output>
  <suite name="Suite" duration-ms="25661" started-at="2021-12-04T22:04:32 IST" finished-at="2021-12-04T22:04:58 IST">
    <groups>
    </groups>
    <test name="Test" duration-ms="25661" started-at="2021-12-04T22:04:32 IST" finished-at="2021-12-04T22:04:58 IST">
      <class name="com.qa.tests.WeatherShopperTest">
        <test-method status="PASS" signature="setup()[pri:0, instance:com.qa.tests.WeatherShopperTest@4e7dc304]" name="setup" is-config="true" duration-ms="7019" started-at="2021-12-04T22:04:33 IST" finished-at="2021-12-04T22:04:40 IST">
          <reporter-output>
          </reporter-output>
        </test-method> <!-- setup -->
        <test-method status="PASS" signature="weatherShopping1()[pri:0, instance:com.qa.tests.WeatherShopperTest@4e7dc304]" name="weatherShopping1" duration-ms="14688" started-at="2021-12-04T22:04:40 IST" description="Validate user is able to do end to end shopping flow either for moisturizers or sunscreens based on the current temperature" finished-at="2021-12-04T22:04:54 IST">
          <reporter-output>
          </reporter-output>
        </test-method> <!-- weatherShopping1 -->
        <test-method status="PASS" signature="teardown()[pri:0, instance:com.qa.tests.WeatherShopperTest@4e7dc304]" name="teardown" is-config="true" duration-ms="3785" started-at="2021-12-04T22:04:54 IST" finished-at="2021-12-04T22:04:58 IST">
          <reporter-output>
          </reporter-output>
        </test-method> <!-- teardown -->
      </class> <!-- com.qa.tests.WeatherShopperTest -->
    </test> <!-- Test -->
  </suite> <!-- Suite -->
</testng-results>
